<?xml version="1.0" encoding="UTF-8"?>
<!-- Generated by org.testng.reporters.JUnitReportReporter -->
<testsuite skipped="0" hostname="DESKTOP-BVP45BD" name="com.tricentis.demoshop.tests.SmokeTest" tests="1" failures="0" timestamp="05 Apr 2020 18:21:03 GMT" time="8.042" errors="0">
  <testcase name="smoke_tc_01" time="8.042" classname="com.tricentis.demoshop.tests.SmokeTest"/>
</testsuite> <!-- com.tricentis.demoshop.tests.SmokeTest -->
