<?xml version="1.0" encoding="UTF-8"?>
<!-- Generated by org.testng.reporters.JUnitReportReporter -->
<testsuite skipped="0" hostname="DESKTOP-BVP45BD" name="com.tricentis.demoshop.tests.SmokeTest" tests="1" failures="0" timestamp="07 Apr 2020 19:02:03 GMT" time="20.250" errors="0">
  <testcase name="smoke_tc_01" time="20.250" classname="com.tricentis.demoshop.tests.SmokeTest"/>
</testsuite> <!-- com.tricentis.demoshop.tests.SmokeTest -->
