<?xml version="1.0" encoding="UTF-8"?>
<!-- Generated by org.testng.reporters.JUnitReportReporter -->
<testsuite skipped="0" hostname="DESKTOP-BVP45BD" name="com.tricentis.demoshop.tests.Computers_Regression" tests="1" failures="0" timestamp="05 Apr 2020 08:49:46 GMT" time="4.475" errors="0">
  <testcase name="computers_tc_01" time="4.475" classname="com.tricentis.demoshop.tests.Computers_Regression"/>
</testsuite> <!-- com.tricentis.demoshop.tests.Computers_Regression -->
