<?xml version="1.0" encoding="UTF-8"?>
<!-- Generated by org.testng.reporters.JUnitReportReporter -->
<testsuite skipped="0" hostname="DESKTOP-BVP45BD" name="com.tricentis.demoshop.tests.TestDummySmokeTest" tests="1" failures="0" timestamp="12 Apr 2020 09:12:27 GMT" time="4.341" errors="0">
  <testcase name="f" time="4.341" classname="com.tricentis.demoshop.tests.TestDummySmokeTest"/>
</testsuite> <!-- com.tricentis.demoshop.tests.TestDummySmokeTest -->
