<?xml version="1.0" encoding="UTF-8"?>
<!-- Generated by org.testng.reporters.JUnitReportReporter -->
<testsuite skipped="0" hostname="DESKTOP-BVP45BD" name="com.tricentis.demoshop.tests.DummySmokeTest" tests="1" failures="0" timestamp="12 Apr 2020 08:22:11 GMT" time="4.265" errors="0">
  <testcase name="f" time="4.265" classname="com.tricentis.demoshop.tests.DummySmokeTest"/>
</testsuite> <!-- com.tricentis.demoshop.tests.DummySmokeTest -->
