<?xml version="1.0" encoding="UTF-8"?>
<!-- Generated by org.testng.reporters.JUnitReportReporter -->
<testsuite skipped="0" hostname="DESKTOP-BVP45BD" name="com.tricentis.demoshop.tests.DummySmoke" tests="1" failures="0" timestamp="11 Apr 2020 11:33:07 GMT" time="5.138" errors="0">
  <testcase name="f" time="5.138" classname="com.tricentis.demoshop.tests.DummySmoke"/>
</testsuite> <!-- com.tricentis.demoshop.tests.DummySmoke -->
