<?xml version="1.0" encoding="UTF-8"?>
<!-- Generated by org.testng.reporters.JUnitReportReporter -->
<testsuite skipped="0" hostname="DESKTOP-BVP45BD" name="com.tricentis.demoshop.tests.SmokeTest" tests="2" failures="0" timestamp="12 Apr 2020 08:39:42 GMT" time="11.331" errors="0">
  <testcase name="smoke_tc_01" time="7.118" classname="com.tricentis.demoshop.tests.SmokeTest"/>
  <testcase name="smoke_tc_02" time="4.213" classname="com.tricentis.demoshop.tests.SmokeTest"/>
</testsuite> <!-- com.tricentis.demoshop.tests.SmokeTest -->
